<?xml version="1.0" encoding="UTF-8"?>
<!-- Generated by org.testng.reporters.JUnitXMLReporter -->
<testsuite ignored="0" hostname="PUNITP573985L" failures="1" tests="5" name="Surefire test" time="22.504" errors="0" timestamp="2025-05-19T15:52:28 IST">
  <testcase classname="tests.CreateAPlaylistImproved2Tests" name="NegariveInvalidToken" time="10.598"/>
  <testcase classname="tests.CreateAPlaylistImproved2Tests" name="negativeCreatePlaylistWithoutName" time="3.82"/>
  <testcase classname="tests.CreateAPlaylistImproved2Tests" name="validateCreateAPlaylist" time="4.599"/>
  <testcase classname="tests.CreateAPlaylistImproved2Tests" name="validateGetAPlaylist" time="1.94">
    <failure type="java.lang.AssertionError" message="
Expected: &amp;quot;New Playlist 7th &amp;quot;
     but: was &amp;quot;update&amp;quot;">
      <![CDATA[java.lang.AssertionError: 
Expected: "New Playlist 7th "
     but: was "update"
at org.hamcrest.MatcherAssert.assertThat(MatcherAssert.java:20)
at org.hamcrest.MatcherAssert.assertThat(MatcherAssert.java:6)
at tests.CreateAPlaylistImproved2Tests.validateGetAPlaylist(CreateAPlaylistImproved2Tests.java:53)
at java.base/java.util.ArrayList.forEach(ArrayList.java:1511)
... Removed 32 stack frames]]>
    </failure>
  </testcase> <!-- validateGetAPlaylist -->
  <testcase classname="tests.CreateAPlaylistImproved2Tests" name="validateUpdateAplaylist" time="1.459"/>
</testsuite> <!-- Surefire test -->
