<?xml version="1.0" encoding="UTF-8"?>
<testng-results ignored="0" total="5" passed="4" failed="1" skipped="0">
  <reporter-output>
  </reporter-output>
  <suite started-at="2025-05-19T15:52:06 IST" name="Surefire suite" finished-at="2025-05-19T15:52:28 IST" duration-ms="22504">
    <groups>
    </groups>
    <test started-at="2025-05-19T15:52:06 IST" name="Surefire test" finished-at="2025-05-19T15:52:28 IST" duration-ms="22504">
      <class name="tests.CreateAPlaylistImproved2Tests">
        <test-method signature="NegariveInvalidToken()[pri:0, instance:tests.CreateAPlaylistImproved2Tests@62e136d3]" started-at="2025-05-19T15:52:06 IST" name="NegariveInvalidToken" finished-at="2025-05-19T15:52:16 IST" duration-ms="10598" status="PASS">
          <reporter-output>
          </reporter-output>
        </test-method> <!-- NegariveInvalidToken -->
        <test-method signature="negativeCreatePlaylistWithoutName()[pri:0, instance:tests.CreateAPlaylistImproved2Tests@62e136d3]" started-at="2025-05-19T15:52:16 IST" name="negativeCreatePlaylistWithoutName" finished-at="2025-05-19T15:52:20 IST" duration-ms="3820" status="PASS">
          <reporter-output>
          </reporter-output>
        </test-method> <!-- negativeCreatePlaylistWithoutName -->
        <test-method signature="validateCreateAPlaylist()[pri:0, instance:tests.CreateAPlaylistImproved2Tests@62e136d3]" started-at="2025-05-19T15:52:20 IST" name="validateCreateAPlaylist" finished-at="2025-05-19T15:52:25 IST" duration-ms="4599" status="PASS">
          <reporter-output>
          </reporter-output>
        </test-method> <!-- validateCreateAPlaylist -->
        <test-method signature="validateGetAPlaylist()[pri:0, instance:tests.CreateAPlaylistImproved2Tests@62e136d3]" started-at="2025-05-19T15:52:25 IST" name="validateGetAPlaylist" finished-at="2025-05-19T15:52:27 IST" duration-ms="1940" status="FAIL">
          <exception class="java.lang.AssertionError">
            <message>
              <![CDATA[
Expected: "New Playlist 7th "
     but: was "update"]]>
            </message>
            <full-stacktrace>
              <![CDATA[java.lang.AssertionError: 
Expected: "New Playlist 7th "
     but: was "update"
at org.hamcrest.MatcherAssert.assertThat(MatcherAssert.java:20)
at org.hamcrest.MatcherAssert.assertThat(MatcherAssert.java:6)
at tests.CreateAPlaylistImproved2Tests.validateGetAPlaylist(CreateAPlaylistImproved2Tests.java:53)
at java.base/jdk.internal.reflect.NativeMethodAccessorImpl.invoke0(Native Method)
at java.base/jdk.internal.reflect.NativeMethodAccessorImpl.invoke(NativeMethodAccessorImpl.java:77)
at java.base/jdk.internal.reflect.DelegatingMethodAccessorImpl.invoke(DelegatingMethodAccessorImpl.java:43)
at java.base/java.lang.reflect.Method.invoke(Method.java:568)
at org.testng.internal.invokers.MethodInvocationHelper.invokeMethod(MethodInvocationHelper.java:135)
at org.testng.internal.invokers.TestInvoker.invokeMethod(TestInvoker.java:673)
at org.testng.internal.invokers.TestInvoker.invokeTestMethod(TestInvoker.java:220)
at org.testng.internal.invokers.MethodRunner.runInSequence(MethodRunner.java:50)
at org.testng.internal.invokers.TestInvoker$MethodInvocationAgent.invoke(TestInvoker.java:945)
at org.testng.internal.invokers.TestInvoker.invokeTestMethods(TestInvoker.java:193)
at org.testng.internal.invokers.TestMethodWorker.invokeTestMethods(TestMethodWorker.java:146)
at org.testng.internal.invokers.TestMethodWorker.run(TestMethodWorker.java:128)
at java.base/java.util.ArrayList.forEach(ArrayList.java:1511)
at org.testng.TestRunner.privateRun(TestRunner.java:808)
at org.testng.TestRunner.run(TestRunner.java:603)
at org.testng.SuiteRunner.runTest(SuiteRunner.java:429)
at org.testng.SuiteRunner.runSequentially(SuiteRunner.java:423)
at org.testng.SuiteRunner.privateRun(SuiteRunner.java:383)
at org.testng.SuiteRunner.run(SuiteRunner.java:326)
at org.testng.SuiteRunnerWorker.runSuite(SuiteRunnerWorker.java:52)
at org.testng.SuiteRunnerWorker.run(SuiteRunnerWorker.java:95)
at org.testng.TestNG.runSuitesSequentially(TestNG.java:1249)
at org.testng.TestNG.runSuitesLocally(TestNG.java:1169)
at org.testng.TestNG.runSuites(TestNG.java:1092)
at org.testng.TestNG.run(TestNG.java:1060)
at org.apache.maven.surefire.testng.TestNGExecutor.run(TestNGExecutor.java:135)
at org.apache.maven.surefire.testng.TestNGDirectoryTestSuite.executeSingleClass(TestNGDirectoryTestSuite.java:112)
at org.apache.maven.surefire.testng.TestNGDirectoryTestSuite.execute(TestNGDirectoryTestSuite.java:99)
at org.apache.maven.surefire.testng.TestNGProvider.invoke(TestNGProvider.java:146)
at org.apache.maven.surefire.booter.ForkedBooter.invokeProviderInSameClassLoader(ForkedBooter.java:384)
at org.apache.maven.surefire.booter.ForkedBooter.runSuitesInProcess(ForkedBooter.java:345)
at org.apache.maven.surefire.booter.ForkedBooter.execute(ForkedBooter.java:126)
at org.apache.maven.surefire.booter.ForkedBooter.main(ForkedBooter.java:418)
]]>
            </full-stacktrace>
          </exception> <!-- java.lang.AssertionError -->
          <reporter-output>
          </reporter-output>
        </test-method> <!-- validateGetAPlaylist -->
        <test-method signature="validateUpdateAplaylist()[pri:0, instance:tests.CreateAPlaylistImproved2Tests@62e136d3]" started-at="2025-05-19T15:52:27 IST" name="validateUpdateAplaylist" finished-at="2025-05-19T15:52:28 IST" duration-ms="1459" status="PASS">
          <reporter-output>
          </reporter-output>
        </test-method> <!-- validateUpdateAplaylist -->
      </class> <!-- tests.CreateAPlaylistImproved2Tests -->
    </test> <!-- Surefire test -->
  </suite> <!-- Surefire suite -->
</testng-results>
